<?xml version="1.0" encoding="UTF-8" ?>
<testsuite tests="3" failures="1" name="StepDefinitions.TestRunner" time="60.007" errors="0" skipped="0">
  <properties>
[...]
</properties>
  <testcase classname="Check The Search Functionality at Google Search Engine" name="Check if User is able Search Successfully at Google" time="21.618"/>
  <testcase classname="Check The Search Functionality at Google Search Engine" name="Check if User is able Search Successfully at Google" time="19.578"/>
  <testcase classname="Check The Search Functionality at Google Search Engine" name="Check if User is able Search Successfully at Google" time="18.811">
    <failure type="junit.framework.AssertionFailedError">junit.framework.AssertionFailedError
	at junit.framework.Assert.fail(Assert.java:55)
	at junit.framework.Assert.assertTrue(Assert.java:22)
	at junit.framework.Assert.assertTrue(Assert.java:31)
	at StepDefinitions.GoogleSearchStep.user_Successfully_navigate_to(GoogleSearchStep.java:55)
	at ✽.User Successfully navigate toElephant(file:///C:/Users/Anshuman%20Singh/eclipse-workspace/BDDCucumberGITJenkin/src/test/resources/Features/GoogleSearch.feature:8)
</failure>
    <system-out>
@smoke
Scenario Outline: Check if User is able Search Successfully at Google &amp;#27;[90m# src/test/resources/Features/GoogleSearch.feature:14&amp;#27;[0m
  &amp;#27;[32mGiven &amp;#27;[0m&amp;#27;[32mBrowser is open&amp;#27;[0m                                               &amp;#27;[90m# StepDefinitions.GoogleSearchStep.browser_is_open()&amp;#27;[0m
  &amp;#27;[32mAnd &amp;#27;[0m&amp;#27;[32mOpen a Google Search Engine&amp;#27;[0m                                     &amp;#27;[90m# StepDefinitions.GoogleSearchStep.open_a_Google_Search_Engine()&amp;#27;[0m
  &amp;#27;[32mWhen &amp;#27;[0m&amp;#27;[32mUser enters the &amp;#27;[0m&amp;#27;[32m&amp;#27;[1mElephant&amp;#27;[0m&amp;#27;[32m to be Searched&amp;#27;[0m                        &amp;#27;[90m# StepDefinitions.GoogleSearchStep.user_enters_the_Text_to_be_Searched(java.lang.String)&amp;#27;[0m
  &amp;#27;[32mAnd &amp;#27;[0m&amp;#27;[32mUser clicks on Search button&amp;#27;[0m                                    &amp;#27;[90m# StepDefinitions.GoogleSearchStep.user_clicks_on_Search_button()&amp;#27;[0m
  &amp;#27;[31mThen &amp;#27;[0m&amp;#27;[31mUser Successfully navigate to&amp;#27;[0m&amp;#27;[31m&amp;#27;[1mElephant&amp;#27;[0m                          &amp;#27;[90m# StepDefinitions.GoogleSearchStep.user_Successfully_navigate_to(java.lang.String)&amp;#27;[0m
      &amp;#27;[31mjunit.framework.AssertionFailedError
	at junit.framework.Assert.fail(Assert.java:55)
	at junit.framework.Assert.assertTrue(Assert.java:22)
	at junit.framework.Assert.assertTrue(Assert.java:31)
	at StepDefinitions.GoogleSearchStep.user_Successfully_navigate_to(GoogleSearchStep.java:55)
	at ?.User Successfully navigate toElephant(file:///C:/Users/Anshuman%20Singh/eclipse-workspace/BDDCucumberGITJenkin/src/test/resources/Features/GoogleSearch.feature:8)
&amp;#27;[0m
</system-out>
    <system-err>Starting ChromeDriver 96.0.4664.45 (76e4c1bb2ab4671b8beba3444e61c0f17584b2fc-refs/branch-heads/4664@{#947}) on port 64073
Only local connections are allowed.
Please see https://chromedriver.chromium.org/security-considerations for suggestions on keeping ChromeDriver safe.
ChromeDriver was started successfully.
Dec 06, 2021 9:25:00 PM org.openqa.selenium.remote.ProtocolHandshake createSession
INFO: Detected dialect: W3C
Dec 06, 2021 9:25:00 PM org.openqa.selenium.devtools.CdpVersionFinder findNearestMatch
INFO: Found exact CDP implementation for version 96
</system-err>
  </testcase>
</testsuite>